{"ts":1717708051529,"action":"PROJECT_OPENED","tags":{"PROJECT_NAME":"webFormTest"}}
{"ts":1717708053799,"action":"FILE_OPENED","file":"/src/main/java/org/example/Main.java","tags":{"FILE_LINE_OF_CODE":"7"}}
{"ts":1717708055047,"action":"FILE_CLOSED","file":"/src/main/java/org/example/Main.java","tags":{"FILE_LINE_OF_CODE":"7"}}
{"ts":1717708055047,"action":"FILE_OPENED","file":"/pom.xml","tags":{"FILE_LINE_OF_CODE":"17"}}
{"ts":1717708063643,"action":"IDE_DEACTIVATED"}
{"ts":1717708071416,"action":"IDE_ACTIVATED"}
{"ts":1717708076058,"action":"FILE_CLOSED","file":"/pom.xml","tags":{"FILE_LINE_OF_CODE":"17"}}
{"ts":1717708076058,"action":"FILE_OPENED","file":"/src/main/java/org/example/Main.java","tags":{"FILE_LINE_OF_CODE":"7"}}
{"ts":1717708076511,"action":"FILE_CLOSED","file":"/src/main/java/org/example/Main.java","tags":{"FILE_LINE_OF_CODE":"7"}}
{"ts":1717708076511,"action":"FILE_OPENED","file":"/pom.xml","tags":{"FILE_LINE_OF_CODE":"17"}}
{"ts":1717708080880,"action":"IDE_DEACTIVATED"}
{"ts":1717708090836,"action":"IDE_ACTIVATED"}
{"ts":1717708114715,"action":"IDE_DEACTIVATED"}
{"ts":1717708123923,"action":"IDE_ACTIVATED"}
{"ts":1717708125105,"action":"FILE_CLOSED","file":"/pom.xml","tags":{"FILE_LINE_OF_CODE":"32"}}
{"ts":1717708125105,"action":"FILE_OPENED","file":"/src/main/java/org/example/Main.java","tags":{"FILE_LINE_OF_CODE":"7"}}
{"ts":1717708143493,"action":"IDE_DEACTIVATED"}
{"ts":1717708204202,"action":"IDE_ACTIVATED"}
{"ts":1717708230847,"action":"IDE_DEACTIVATED"}
{"ts":1717708258306,"action":"IDE_ACTIVATED"}
{"ts":1717708259307,"action":"FILE_CLOSED","file":"/src/main/java/org/example/Main.java","tags":{"FILE_LINE_OF_CODE":"53"}}
{"ts":1717708259307,"action":"FILE_OPENED","file":"/pom.xml","tags":{"FILE_LINE_OF_CODE":"32"}}
{"ts":1717708262271,"action":"IDE_DEACTIVATED"}
{"ts":1717708264743,"action":"IDE_ACTIVATED"}
{"ts":1717708266192,"action":"IDE_DEACTIVATED"}
{"ts":1717708278139,"action":"IDE_ACTIVATED"}
{"ts":1717708315227,"action":"FILE_CLOSED","file":"/pom.xml","tags":{"FILE_LINE_OF_CODE":"32"}}
{"ts":1717708315227,"action":"FILE_OPENED","file":"/src/main/java/org/example/Main.java","tags":{"FILE_LINE_OF_CODE":"53"}}
{"ts":1717708320029,"action":"IDE_DEACTIVATED"}
{"ts":1717708320246,"action":"PROJECT_CLOSED","tags":{"PROJECT_NAME":"webFormTest"}}
{"ts":1717708338031,"action":"FILE_OPENED","file":"/src/main/java/org/example/Main.java","tags":{"FILE_LINE_OF_CODE":"53"}}
{"ts":1717708338442,"action":"PROJECT_OPENED","tags":{"PROJECT_NAME":"webFormTest"}}
{"ts":1717708346446,"action":"FILE_CLOSED","file":"/src/main/java/org/example/Main.java","tags":{"FILE_LINE_OF_CODE":"53"}}
{"ts":1717708346446,"action":"FILE_OPENED","file":"/pom.xml","tags":{"FILE_LINE_OF_CODE":"32"}}
{"ts":1717708347905,"action":"FILE_CLOSED","file":"/pom.xml","tags":{"FILE_LINE_OF_CODE":"32"}}
{"ts":1717708347905,"action":"FILE_OPENED","file":"/src/main/java/org/example/Main.java","tags":{"FILE_LINE_OF_CODE":"53"}}
{"ts":1717708381546,"action":"IDE_DEACTIVATED"}
{"ts":1717708396994,"action":"IDE_ACTIVATED"}
{"ts":1717708409685,"action":"FILE_CLOSED","file":"/src/main/java/org/example/Main.java","tags":{"FILE_LINE_OF_CODE":"53"}}
{"ts":1717708409685,"action":"FILE_OPENED","file":"/pom.xml","tags":{"FILE_LINE_OF_CODE":"38"}}
{"ts":1717708420988,"action":"FILE_CLOSED","file":"/pom.xml","tags":{"FILE_LINE_OF_CODE":"38"}}
{"ts":1717708420988,"action":"FILE_OPENED","file":"/src/main/java/org/example/Main.java","tags":{"FILE_LINE_OF_CODE":"53"}}
{"ts":1717708486599,"action":"IDE_DEACTIVATED"}
{"ts":1717708491165,"action":"IDE_ACTIVATED"}
{"ts":1717708525734,"action":"IDE_DEACTIVATED"}
{"ts":1717708526529,"action":"IDE_ACTIVATED"}
{"ts":1717708578922,"action":"IDE_DEACTIVATED"}
{"ts":1717708579432,"action":"IDE_ACTIVATED"}
{"ts":1717708594029,"action":"IDE_DEACTIVATED"}
{"ts":1717708630577,"action":"IDE_ACTIVATED"}
{"ts":1717708653625,"action":"IDE_DEACTIVATED"}
{"ts":1717708671904,"action":"IDE_ACTIVATED"}
{"ts":1717708677553,"action":"IDE_DEACTIVATED"}
{"ts":1717708677786,"action":"PROJECT_CLOSED","tags":{"PROJECT_NAME":"webFormTest"}}
